0 info it worked if it ends with ok
1 verbose cli [ '/usr/bin/node',
1 verbose cli   '/usr/bin/npm',
1 verbose cli   'install',
1 verbose cli   '--ignore-scripts',
1 verbose cli   '@types/mongoose',
1 verbose cli   '--save-dev',
1 verbose cli   '--user-agent=typesInstaller/3.6.3' ]
2 info using npm@3.5.2
3 info using node@v8.10.0
4 silly loadCurrentTree Starting
5 silly install loadCurrentTree
6 silly install readLocalPackageData
7 silly fetchPackageMetaData @types/mongoose
8 silly fetchNamedPackageData @types/mongoose
9 silly mapToRegistry name @types/mongoose
10 silly mapToRegistry scope (from package name) @types
11 verbose mapToRegistry no registry URL found in name for scope @types
12 silly mapToRegistry using default registry
13 silly mapToRegistry registry https://registry.npmjs.org/
14 silly mapToRegistry uri https://registry.npmjs.org/@types%2fmongoose
15 verbose request uri https://registry.npmjs.org/@types%2fmongoose
16 verbose request no auth needed
17 info attempt registry request try #1 at 9:08:00 PM
18 verbose request id 0986aaecdd2f88fa
19 http request GET https://registry.npmjs.org/@types%2fmongoose
20 info retry will retry, error on last attempt: Error: unable to get local issuer certificate
21 info attempt registry request try #2 at 9:08:10 PM
22 http request GET https://registry.npmjs.org/@types%2fmongoose
23 info retry will retry, error on last attempt: Error: unable to get local issuer certificate
24 info attempt registry request try #3 at 9:09:10 PM
25 http request GET https://registry.npmjs.org/@types%2fmongoose
26 silly fetchPackageMetaData Error: unable to get local issuer certificate
26 silly fetchPackageMetaData     at TLSSocket.<anonymous> (_tls_wrap.js:1105:38)
26 silly fetchPackageMetaData     at emitNone (events.js:106:13)
26 silly fetchPackageMetaData     at TLSSocket.emit (events.js:208:7)
26 silly fetchPackageMetaData     at TLSSocket._finishInit (_tls_wrap.js:639:8)
26 silly fetchPackageMetaData     at TLSWrap.ssl.onhandshakedone (_tls_wrap.js:469:38)
26 silly fetchPackageMetaData  error for @types/mongoose { Error: unable to get local issuer certificate
26 silly fetchPackageMetaData     at TLSSocket.<anonymous> (_tls_wrap.js:1105:38)
26 silly fetchPackageMetaData     at emitNone (events.js:106:13)
26 silly fetchPackageMetaData     at TLSSocket.emit (events.js:208:7)
26 silly fetchPackageMetaData     at TLSSocket._finishInit (_tls_wrap.js:639:8)
26 silly fetchPackageMetaData     at TLSWrap.ssl.onhandshakedone (_tls_wrap.js:469:38) code: 'UNABLE_TO_GET_ISSUER_CERT_LOCALLY' }
27 silly rollbackFailedOptional Starting
28 silly rollbackFailedOptional Finishing
29 silly runTopLevelLifecycles Starting
30 silly runTopLevelLifecycles Finishing
31 silly install printInstalled
32 verbose stack Error: unable to get local issuer certificate
32 verbose stack     at TLSSocket.<anonymous> (_tls_wrap.js:1105:38)
32 verbose stack     at emitNone (events.js:106:13)
32 verbose stack     at TLSSocket.emit (events.js:208:7)
32 verbose stack     at TLSSocket._finishInit (_tls_wrap.js:639:8)
32 verbose stack     at TLSWrap.ssl.onhandshakedone (_tls_wrap.js:469:38)
33 verbose cwd /home/mohan/Documents/node/mern/devconnector
34 error Linux 5.0.0-37-generic
35 error argv "/usr/bin/node" "/usr/bin/npm" "install" "--ignore-scripts" "@types/mongoose" "--save-dev" "--user-agent=typesInstaller/3.6.3"
36 error node v8.10.0
37 error npm  v3.5.2
38 error code UNABLE_TO_GET_ISSUER_CERT_LOCALLY
39 error unable to get local issuer certificate
40 error If you need help, you may report this error at:
40 error     <https://github.com/npm/npm/issues>
41 verbose exit [ 1, true ]
